<?xml version="1.0" encoding="UTF-8"?>
<testsuite xmlns:xsi="http://www.w3.org/2001/XMLSchema-instance" xsi:noNamespaceSchemaLocation="https://maven.apache.org/surefire/maven-failsafe-plugin/xsd/failsafe-test-report.xsd" name="it.io.openliberty.guides.rest.EndpointIT" time="0.419" tests="1" errors="0" skipped="0" failures="1">
  <properties>
    <property name="sun.desktop" value="windows"/>
    <property name="awt.toolkit" value="sun.awt.windows.WToolkit"/>
    <property name="file.encoding.pkg" value="sun.io"/>
    <property name="java.specification.version" value="1.8"/>
    <property name="sun.cpu.isalist" value="amd64"/>
    <property name="sun.jnu.encoding" value="Cp1250"/>
    <property name="java.class.path" value="E:\martan\projekty\microservices\guide-rest-intro\finish\target\test-classes;E:\martan\projekty\microservices\guide-rest-intro\finish\target\classes;C:\Users\Bibrain\.m2\repository\jakarta\platform\jakarta.jakartaee-api\8.0.0\jakarta.jakartaee-api-8.0.0.jar;C:\Users\Bibrain\.m2\repository\jakarta\enterprise\jakarta.enterprise.cdi-api\2.0.2\jakarta.enterprise.cdi-api-2.0.2.jar;C:\Users\Bibrain\.m2\repository\jakarta\interceptor\jakarta.interceptor-api\1.2.5\jakarta.interceptor-api-1.2.5.jar;C:\Users\Bibrain\.m2\repository\jakarta\inject\jakarta.inject-api\1.0\jakarta.inject-api-1.0.jar;C:\Users\Bibrain\.m2\repository\jakarta\ws\rs\jakarta.ws.rs-api\2.1.6\jakarta.ws.rs-api-2.1.6.jar;C:\Users\Bibrain\.m2\repository\jakarta\json\bind\jakarta.json.bind-api\1.0.2\jakarta.json.bind-api-1.0.2.jar;C:\Users\Bibrain\.m2\repository\jakarta\json\jakarta.json-api\1.1.6\jakarta.json-api-1.1.6.jar;C:\Users\Bibrain\.m2\repository\jakarta\annotation\jakarta.annotation-api\1.3.5\jakarta.annotation-api-1.3.5.jar;C:\Users\Bibrain\.m2\repository\org\eclipse\microprofile\config\microprofile-config-api\2.0\microprofile-config-api-2.0.jar;C:\Users\Bibrain\.m2\repository\org\eclipse\microprofile\fault-tolerance\microprofile-fault-tolerance-api\3.0\microprofile-fault-tolerance-api-3.0.jar;C:\Users\Bibrain\.m2\repository\org\eclipse\microprofile\health\microprofile-health-api\3.0\microprofile-health-api-3.0.jar;C:\Users\Bibrain\.m2\repository\org\eclipse\microprofile\metrics\microprofile-metrics-api\3.0\microprofile-metrics-api-3.0.jar;C:\Users\Bibrain\.m2\repository\org\eclipse\microprofile\jwt\microprofile-jwt-auth-api\1.2\microprofile-jwt-auth-api-1.2.jar;C:\Users\Bibrain\.m2\repository\org\eclipse\microprofile\openapi\microprofile-openapi-api\2.0\microprofile-openapi-api-2.0.jar;C:\Users\Bibrain\.m2\repository\org\eclipse\microprofile\rest\client\microprofile-rest-client-api\2.0\microprofile-rest-client-api-2.0.jar;C:\Users\Bibrain\.m2\repository\org\eclipse\microprofile\opentracing\microprofile-opentracing-api\2.0\microprofile-opentracing-api-2.0.jar;C:\Users\Bibrain\.m2\repository\org\junit\jupiter\junit-jupiter\5.7.1\junit-jupiter-5.7.1.jar;C:\Users\Bibrain\.m2\repository\org\junit\jupiter\junit-jupiter-api\5.7.1\junit-jupiter-api-5.7.1.jar;C:\Users\Bibrain\.m2\repository\org\apiguardian\apiguardian-api\1.1.0\apiguardian-api-1.1.0.jar;C:\Users\Bibrain\.m2\repository\org\opentest4j\opentest4j\1.2.0\opentest4j-1.2.0.jar;C:\Users\Bibrain\.m2\repository\org\junit\platform\junit-platform-commons\1.7.1\junit-platform-commons-1.7.1.jar;C:\Users\Bibrain\.m2\repository\org\junit\jupiter\junit-jupiter-params\5.7.1\junit-jupiter-params-5.7.1.jar;C:\Users\Bibrain\.m2\repository\org\junit\jupiter\junit-jupiter-engine\5.7.1\junit-jupiter-engine-5.7.1.jar;C:\Users\Bibrain\.m2\repository\org\junit\platform\junit-platform-engine\1.7.1\junit-platform-engine-1.7.1.jar;C:\Users\Bibrain\.m2\repository\org\apache\cxf\cxf-rt-rs-client\3.4.3\cxf-rt-rs-client-3.4.3.jar;C:\Users\Bibrain\.m2\repository\org\apache\cxf\cxf-rt-transports-http\3.4.3\cxf-rt-transports-http-3.4.3.jar;C:\Users\Bibrain\.m2\repository\org\apache\cxf\cxf-core\3.4.3\cxf-core-3.4.3.jar;C:\Users\Bibrain\.m2\repository\org\glassfish\jaxb\jaxb-runtime\2.3.3\jaxb-runtime-2.3.3.jar;C:\Users\Bibrain\.m2\repository\org\glassfish\jaxb\txw2\2.3.3\txw2-2.3.3.jar;C:\Users\Bibrain\.m2\repository\com\sun\istack\istack-commons-runtime\3.0.11\istack-commons-runtime-3.0.11.jar;C:\Users\Bibrain\.m2\repository\com\sun\activation\jakarta.activation\1.2.2\jakarta.activation-1.2.2.jar;C:\Users\Bibrain\.m2\repository\com\fasterxml\woodstox\woodstox-core\6.2.4\woodstox-core-6.2.4.jar;C:\Users\Bibrain\.m2\repository\org\codehaus\woodstox\stax2-api\4.2.1\stax2-api-4.2.1.jar;C:\Users\Bibrain\.m2\repository\org\apache\ws\xmlschema\xmlschema-core\2.2.5\xmlschema-core-2.2.5.jar;C:\Users\Bibrain\.m2\repository\jakarta\xml\bind\jakarta.xml.bind-api\2.3.3\jakarta.xml.bind-api-2.3.3.jar;C:\Users\Bibrain\.m2\repository\jakarta\activation\jakarta.activation-api\1.2.2\jakarta.activation-api-1.2.2.jar;C:\Users\Bibrain\.m2\repository\org\apache\cxf\cxf-rt-frontend-jaxrs\3.4.3\cxf-rt-frontend-jaxrs-3.4.3.jar;C:\Users\Bibrain\.m2\repository\org\apache\cxf\cxf-rt-security\3.4.3\cxf-rt-security-3.4.3.jar;C:\Users\Bibrain\.m2\repository\org\apache\cxf\cxf-rt-rs-extension-providers\3.4.3\cxf-rt-rs-extension-providers-3.4.3.jar;C:\Users\Bibrain\.m2\repository\org\eclipse\yasson\1.0.9\yasson-1.0.9.jar;C:\Users\Bibrain\.m2\repository\org\glassfish\jakarta.json\1.1.6\jakarta.json-1.1.6-module.jar;"/>
    <property name="java.vm.vendor" value="AdoptOpenJDK"/>
    <property name="sun.arch.data.model" value="64"/>
    <property name="microshed_hostname" value="host.docker.internal"/>
    <property name="user.variant" value=""/>
    <property name="java.vendor.url" value="https://adoptopenjdk.net/"/>
    <property name="user.timezone" value="Europe/Prague"/>
    <property name="os.name" value="Windows 10"/>
    <property name="java.vm.specification.version" value="1.8"/>
    <property name="context.root" value="LibertyProject"/>
    <property name="user.country" value="CZ"/>
    <property name="sun.java.launcher" value="SUN_STANDARD"/>
    <property name="sun.boot.library.path" value="C:\Program Files\AdoptOpenJDK\jdk-8.0.292.10-hotspot\jre\bin"/>
    <property name="sun.java.command" value="C:\Users\Bibrain\AppData\Local\Temp\surefire1835309752567699832\surefirebooter1603895822259245812.jar C:\Users\Bibrain\AppData\Local\Temp\surefire1835309752567699832 2021-07-07T09-46-57_547-jvmRun1 surefire6010090792179952820tmp surefire_0433471104434541115tmp"/>
    <property name="surefire.test.class.path" value="E:\martan\projekty\microservices\guide-rest-intro\finish\target\test-classes;E:\martan\projekty\microservices\guide-rest-intro\finish\target\classes;C:\Users\Bibrain\.m2\repository\jakarta\platform\jakarta.jakartaee-api\8.0.0\jakarta.jakartaee-api-8.0.0.jar;C:\Users\Bibrain\.m2\repository\jakarta\enterprise\jakarta.enterprise.cdi-api\2.0.2\jakarta.enterprise.cdi-api-2.0.2.jar;C:\Users\Bibrain\.m2\repository\jakarta\interceptor\jakarta.interceptor-api\1.2.5\jakarta.interceptor-api-1.2.5.jar;C:\Users\Bibrain\.m2\repository\jakarta\inject\jakarta.inject-api\1.0\jakarta.inject-api-1.0.jar;C:\Users\Bibrain\.m2\repository\jakarta\ws\rs\jakarta.ws.rs-api\2.1.6\jakarta.ws.rs-api-2.1.6.jar;C:\Users\Bibrain\.m2\repository\jakarta\json\bind\jakarta.json.bind-api\1.0.2\jakarta.json.bind-api-1.0.2.jar;C:\Users\Bibrain\.m2\repository\jakarta\json\jakarta.json-api\1.1.6\jakarta.json-api-1.1.6.jar;C:\Users\Bibrain\.m2\repository\jakarta\annotation\jakarta.annotation-api\1.3.5\jakarta.annotation-api-1.3.5.jar;C:\Users\Bibrain\.m2\repository\org\eclipse\microprofile\config\microprofile-config-api\2.0\microprofile-config-api-2.0.jar;C:\Users\Bibrain\.m2\repository\org\eclipse\microprofile\fault-tolerance\microprofile-fault-tolerance-api\3.0\microprofile-fault-tolerance-api-3.0.jar;C:\Users\Bibrain\.m2\repository\org\eclipse\microprofile\health\microprofile-health-api\3.0\microprofile-health-api-3.0.jar;C:\Users\Bibrain\.m2\repository\org\eclipse\microprofile\metrics\microprofile-metrics-api\3.0\microprofile-metrics-api-3.0.jar;C:\Users\Bibrain\.m2\repository\org\eclipse\microprofile\jwt\microprofile-jwt-auth-api\1.2\microprofile-jwt-auth-api-1.2.jar;C:\Users\Bibrain\.m2\repository\org\eclipse\microprofile\openapi\microprofile-openapi-api\2.0\microprofile-openapi-api-2.0.jar;C:\Users\Bibrain\.m2\repository\org\eclipse\microprofile\rest\client\microprofile-rest-client-api\2.0\microprofile-rest-client-api-2.0.jar;C:\Users\Bibrain\.m2\repository\org\eclipse\microprofile\opentracing\microprofile-opentracing-api\2.0\microprofile-opentracing-api-2.0.jar;C:\Users\Bibrain\.m2\repository\org\junit\jupiter\junit-jupiter\5.7.1\junit-jupiter-5.7.1.jar;C:\Users\Bibrain\.m2\repository\org\junit\jupiter\junit-jupiter-api\5.7.1\junit-jupiter-api-5.7.1.jar;C:\Users\Bibrain\.m2\repository\org\apiguardian\apiguardian-api\1.1.0\apiguardian-api-1.1.0.jar;C:\Users\Bibrain\.m2\repository\org\opentest4j\opentest4j\1.2.0\opentest4j-1.2.0.jar;C:\Users\Bibrain\.m2\repository\org\junit\platform\junit-platform-commons\1.7.1\junit-platform-commons-1.7.1.jar;C:\Users\Bibrain\.m2\repository\org\junit\jupiter\junit-jupiter-params\5.7.1\junit-jupiter-params-5.7.1.jar;C:\Users\Bibrain\.m2\repository\org\junit\jupiter\junit-jupiter-engine\5.7.1\junit-jupiter-engine-5.7.1.jar;C:\Users\Bibrain\.m2\repository\org\junit\platform\junit-platform-engine\1.7.1\junit-platform-engine-1.7.1.jar;C:\Users\Bibrain\.m2\repository\org\apache\cxf\cxf-rt-rs-client\3.4.3\cxf-rt-rs-client-3.4.3.jar;C:\Users\Bibrain\.m2\repository\org\apache\cxf\cxf-rt-transports-http\3.4.3\cxf-rt-transports-http-3.4.3.jar;C:\Users\Bibrain\.m2\repository\org\apache\cxf\cxf-core\3.4.3\cxf-core-3.4.3.jar;C:\Users\Bibrain\.m2\repository\org\glassfish\jaxb\jaxb-runtime\2.3.3\jaxb-runtime-2.3.3.jar;C:\Users\Bibrain\.m2\repository\org\glassfish\jaxb\txw2\2.3.3\txw2-2.3.3.jar;C:\Users\Bibrain\.m2\repository\com\sun\istack\istack-commons-runtime\3.0.11\istack-commons-runtime-3.0.11.jar;C:\Users\Bibrain\.m2\repository\com\sun\activation\jakarta.activation\1.2.2\jakarta.activation-1.2.2.jar;C:\Users\Bibrain\.m2\repository\com\fasterxml\woodstox\woodstox-core\6.2.4\woodstox-core-6.2.4.jar;C:\Users\Bibrain\.m2\repository\org\codehaus\woodstox\stax2-api\4.2.1\stax2-api-4.2.1.jar;C:\Users\Bibrain\.m2\repository\org\apache\ws\xmlschema\xmlschema-core\2.2.5\xmlschema-core-2.2.5.jar;C:\Users\Bibrain\.m2\repository\jakarta\xml\bind\jakarta.xml.bind-api\2.3.3\jakarta.xml.bind-api-2.3.3.jar;C:\Users\Bibrain\.m2\repository\jakarta\activation\jakarta.activation-api\1.2.2\jakarta.activation-api-1.2.2.jar;C:\Users\Bibrain\.m2\repository\org\apache\cxf\cxf-rt-frontend-jaxrs\3.4.3\cxf-rt-frontend-jaxrs-3.4.3.jar;C:\Users\Bibrain\.m2\repository\org\apache\cxf\cxf-rt-security\3.4.3\cxf-rt-security-3.4.3.jar;C:\Users\Bibrain\.m2\repository\org\apache\cxf\cxf-rt-rs-extension-providers\3.4.3\cxf-rt-rs-extension-providers-3.4.3.jar;C:\Users\Bibrain\.m2\repository\org\eclipse\yasson\1.0.9\yasson-1.0.9.jar;C:\Users\Bibrain\.m2\repository\org\glassfish\jakarta.json\1.1.6\jakarta.json-1.1.6-module.jar;"/>
    <property name="http.port" value="9080"/>
    <property name="sun.cpu.endian" value="little"/>
    <property name="user.home" value="C:\Users\Bibrain"/>
    <property name="user.language" value="cs"/>
    <property name="java.specification.vendor" value="Oracle Corporation"/>
    <property name="java.home" value="C:\Program Files\AdoptOpenJDK\jdk-8.0.292.10-hotspot\jre"/>
    <property name="basedir" value="E:\martan\projekty\microservices\guide-rest-intro\finish"/>
    <property name="file.separator" value="\"/>
    <property name="line.separator" value="&#10;"/>
    <property name="java.vm.specification.vendor" value="Oracle Corporation"/>
    <property name="wlp.user.dir" value="E:\martan\projekty\microservices\guide-rest-intro\finish\target\liberty\wlp\usr"/>
    <property name="java.specification.name" value="Java Platform API Specification"/>
    <property name="java.awt.graphicsenv" value="sun.awt.Win32GraphicsEnvironment"/>
    <property name="microshed_http_port" value="9080"/>
    <property name="surefire.real.class.path" value="C:\Users\Bibrain\AppData\Local\Temp\surefire1835309752567699832\surefirebooter1603895822259245812.jar"/>
    <property name="sun.boot.class.path" value="C:\Program Files\AdoptOpenJDK\jdk-8.0.292.10-hotspot\jre\lib\resources.jar;C:\Program Files\AdoptOpenJDK\jdk-8.0.292.10-hotspot\jre\lib\rt.jar;C:\Program Files\AdoptOpenJDK\jdk-8.0.292.10-hotspot\jre\lib\sunrsasign.jar;C:\Program Files\AdoptOpenJDK\jdk-8.0.292.10-hotspot\jre\lib\jsse.jar;C:\Program Files\AdoptOpenJDK\jdk-8.0.292.10-hotspot\jre\lib\jce.jar;C:\Program Files\AdoptOpenJDK\jdk-8.0.292.10-hotspot\jre\lib\charsets.jar;C:\Program Files\AdoptOpenJDK\jdk-8.0.292.10-hotspot\jre\lib\jfr.jar;C:\Program Files\AdoptOpenJDK\jdk-8.0.292.10-hotspot\jre\classes"/>
    <property name="user.script" value=""/>
    <property name="sun.management.compiler" value="HotSpot 64-Bit Tiered Compilers"/>
    <property name="java.runtime.version" value="1.8.0_292-b10"/>
    <property name="user.name" value="Bibrain"/>
    <property name="liberty.hostname" value="host.docker.internal"/>
    <property name="path.separator" value=";"/>
    <property name="os.version" value="10.0"/>
    <property name="java.endorsed.dirs" value="C:\Program Files\AdoptOpenJDK\jdk-8.0.292.10-hotspot\jre\lib\endorsed"/>
    <property name="java.runtime.name" value="OpenJDK Runtime Environment"/>
    <property name="liberty.http.port" value="9080"/>
    <property name="file.encoding" value="Cp1250"/>
    <property name="java.vm.name" value="OpenJDK 64-Bit Server VM"/>
    <property name="localRepository" value="C:\Users\Bibrain\.m2\repository"/>
    <property name="java.vendor.url.bug" value="https://github.com/AdoptOpenJDK/openjdk-support/issues"/>
    <property name="java.io.tmpdir" value="C:\Users\Bibrain\AppData\Local\Temp\"/>
    <property name="java.version" value="1.8.0_292"/>
    <property name="user.dir" value="E:\martan\projekty\microservices\guide-rest-intro\finish"/>
    <property name="os.arch" value="amd64"/>
    <property name="java.vm.specification.name" value="Java Virtual Machine Specification"/>
    <property name="java.awt.printerjob" value="sun.awt.windows.WPrinterJob"/>
    <property name="sun.os.patch.level" value=""/>
    <property name="java.library.path" value="C:\Program Files\AdoptOpenJDK\jdk-8.0.292.10-hotspot\jre\bin;C:\WINDOWS\Sun\Java\bin;C:\WINDOWS\system32;C:\WINDOWS;D:\download\apache-maven-3.8.1-bin\apache-maven-3.8.1\bin;D:\download\apache-maven-3.8.1-bin\apache-maven-3.8.1\bin;."/>
    <property name="java.vm.info" value="mixed mode"/>
    <property name="java.vendor" value="AdoptOpenJDK"/>
    <property name="java.vm.version" value="25.292-b10"/>
    <property name="java.ext.dirs" value="C:\Program Files\AdoptOpenJDK\jdk-8.0.292.10-hotspot\jre\lib\ext;C:\WINDOWS\Sun\Java\lib\ext"/>
    <property name="sun.io.unicode.encoding" value="UnicodeLittle"/>
    <property name="java.class.version" value="52.0"/>
  </properties>
  <testcase name="testGetProperties" classname="it.io.openliberty.guides.rest.EndpointIT" time="0.375">
    <failure message="Incorrect response code from http://localhost:9080/LibertyProject/ ==&gt; expected: &lt;200&gt; but was: &lt;404&gt;" type="org.opentest4j.AssertionFailedError"><![CDATA[org.opentest4j.AssertionFailedError: Incorrect response code from http://localhost:9080/LibertyProject/ ==> expected: <200> but was: <404>
	at it.io.openliberty.guides.rest.EndpointIT.testGetProperties(EndpointIT.java:54)
]]></failure>
  </testcase>
</testsuite>